<?xml version="1.0" encoding="UTF-8"?>
<!-- Generated by org.testng.reporters.JUnitReportReporter -->
<testsuite hostname="LAPTOP-13TRL6GD" failures="0" tests="6" name="basic_api.HTTPMethods" time="6.281" errors="0" timestamp="2025-10-02T11:37:17 IST" skipped="0">
  <testcase classname="basic_api.HTTPMethods" name="testUsingQueryParam" time="0.269"/>
  <testcase classname="basic_api.HTTPMethods" name="testUsingPathParam" time="3.800"/>
  <testcase classname="basic_api.HTTPMethods" name="createUsersFromFile" time="0.348"/>
  <testcase classname="basic_api.HTTPMethods" name="createUsersWithTestData" time="0.316"/>
  <testcase classname="basic_api.HTTPMethods" name="createUsers" time="1.309"/>
  <testcase classname="basic_api.HTTPMethods" name="getUsers" time="0.239"/>
</testsuite> <!-- basic_api.HTTPMethods -->
