<?xml version="1.0" encoding="UTF-8"?>
<!-- Generated by org.testng.reporters.JUnitReportReporter -->
<testsuite hostname="LAPTOP-13TRL6GD" failures="0" tests="4" name="basic_api.HTTPMethods" time="5.486" errors="0" timestamp="2025-10-01T17:36:17 IST" skipped="0">
  <testcase classname="basic_api.HTTPMethods" name="createUsersFromFile" time="0.384"/>
  <testcase classname="basic_api.HTTPMethods" name="createUsersWithTestData" time="0.505"/>
  <testcase classname="basic_api.HTTPMethods" name="createUsers" time="3.251"/>
  <testcase classname="basic_api.HTTPMethods" name="getUsers" time="1.346"/>
</testsuite> <!-- basic_api.HTTPMethods -->
